<?xml version="1.0" encoding="UTF-8"?>
<!-- Generated by org.testng.reporters.JUnitReportReporter -->
<testsuite hostname="USEDRPLT69" failures="0" tests="1" name="com.testpages.LogUrlAndVerifyLogoIsPresent" time="12.237" errors="0" timestamp="2020-05-25T20:57:21 PDT" skipped="0">
  <testcase classname="com.testpages.LogUrlAndVerifyLogoIsPresent" name="retrieveFeaturedWatchList" time="12.237"/>
  <system-out/>
</testsuite> <!-- com.testpages.LogUrlAndVerifyLogoIsPresent -->
