<?xml version="1.0" encoding="UTF-8"?>
<!-- Generated by org.testng.reporters.JUnitReportReporter -->
<testsuite hostname="USEDRPLT69" failures="0" tests="1" name="com.testpages.NewTest" time="6.745" errors="0" timestamp="2020-05-18T02:07:46 PDT" skipped="0">
  <testcase classname="com.testpages.NewTest" name="retrieveFeaturedWatchList" time="6.745"/>
  <system-out/>
</testsuite> <!-- com.testpages.NewTest -->
